# JRE version: Java(TM) SE Runtime Environment (7.0_67-b01) (build 1.7.0_67-b01)
# Java VM: Java HotSpot(TM) 64-Bit Server VM (24.65-b04 mixed mode windows-amd64 compressed oops)
Heap
 PSYoungGen      total 25600K, used 11508K [0x00000000eb280000, 0x00000000ed480000, 0x0000000100000000)
  eden space 16384K, 63% used [0x00000000eb280000,0x00000000ebcbd3a8,0x00000000ec280000)
  from space 9216K, 11% used [0x00000000ec280000,0x00000000ec380000,0x00000000ecb80000)
  to   space 9216K, 0% used [0x00000000ecb80000,0x00000000ecb80000,0x00000000ed480000)
 ParOldGen       total 122368K, used 112870K [0x00000000c1800000, 0x00000000c8f80000, 0x00000000eb280000)
  object space 122368K, 92% used [0x00000000c1800000,0x00000000c8639bc8,0x00000000c8f80000)
 PSPermGen       total 21504K, used 20753K [0x00000000bc600000, 0x00000000bdb00000, 0x00000000c1800000)
  object space 21504K, 96% used [0x00000000bc600000,0x00000000bda44700,0x00000000bdb00000)
GC Heap History (10 events):
Event: 542.932 GC heap before
{Heap before GC invocations=7 (full 0):
 PSYoungGen      total 25600K, used 19452K [0x00000000eb280000, 0x00000000ed580000, 0x0000000100000000)
  eden space 16384K, 100% used [0x00000000eb280000,0x00000000ec280000,0x00000000ec280000)
  from space 9216K, 33% used [0x00000000ecc80000,0x00000000ecf7f158,0x00000000ed580000)
  to   space 9728K, 0% used [0x00000000ec280000,0x00000000ec280000,0x00000000ecc00000)
 ParOldGen       total 62464K, used 49801K [0x00000000c1800000, 0x00000000c5500000, 0x00000000eb280000)
  object space 62464K, 79% used [0x00000000c1800000,0x00000000c48a25c0,0x00000000c5500000)
 PSPermGen       total 21504K, used 20664K [0x00000000bc600000, 0x00000000bdb00000, 0x00000000c1800000)
  object space 21504K, 96% used [0x00000000bc600000,0x00000000bda2e0d8,0x00000000bdb00000)
Event: 542.937 GC heap after
Heap after GC invocations=7 (full 0):
 PSYoungGen      total 26112K, used 864K [0x00000000eb280000, 0x00000000ed580000, 0x0000000100000000)
  eden space 16384K, 0% used [0x00000000eb280000,0x00000000eb280000,0x00000000ec280000)
  from space 9728K, 8% used [0x00000000ec280000,0x00000000ec358000,0x00000000ecc00000)
  to   space 9728K, 0% used [0x00000000ecc00000,0x00000000ecc00000,0x00000000ed580000)
 ParOldGen       total 62464K, used 52142K [0x00000000c1800000, 0x00000000c5500000, 0x00000000eb280000)
  object space 62464K, 83% used [0x00000000c1800000,0x00000000c4aeb898,0x00000000c5500000)
 PSPermGen       total 21504K, used 20664K [0x00000000bc600000, 0x00000000bdb00000, 0x00000000c1800000)
  object space 21504K, 96% used [0x00000000bc600000,0x00000000bda2e0d8,0x00000000bdb00000)
}
Event: 571.352 GC heap before
{Heap before GC invocations=8 (full 0):
 PSYoungGen      total 26112K, used 17248K [0x00000000eb280000, 0x00000000ed580000, 0x0000000100000000)
  eden space 16384K, 100% used [0x00000000eb280000,0x00000000ec280000,0x00000000ec280000)
  from space 9728K, 8% used [0x00000000ec280000,0x00000000ec358000,0x00000000ecc00000)
  to   space 9728K, 0% used [0x00000000ecc00000,0x00000000ecc00000,0x00000000ed580000)
 ParOldGen       total 82432K, used 71673K [0x00000000c1800000, 0x00000000c6880000, 0x00000000eb280000)
  object space 82432K, 86% used [0x00000000c1800000,0x00000000c5dfe5a8,0x00000000c6880000)
 PSPermGen       total 21504K, used 20669K [0x00000000bc600000, 0x00000000bdb00000, 0x00000000c1800000)
  object space 21504K, 96% used [0x00000000bc600000,0x00000000bda2f4e8,0x00000000bdb00000)
Event: 571.355 GC heap after
Heap after GC invocations=8 (full 0):
 PSYoungGen      total 26112K, used 1504K [0x00000000eb280000, 0x00000000ed580000, 0x0000000100000000)
  eden space 16384K, 0% used [0x00000000eb280000,0x00000000eb280000,0x00000000ec280000)
  from space 9728K, 15% used [0x00000000ecc00000,0x00000000ecd78000,0x00000000ed580000)
  to   space 9728K, 0% used [0x00000000ec280000,0x00000000ec280000,0x00000000ecc00000)
 ParOldGen       total 82432K, used 71865K [0x00000000c1800000, 0x00000000c6880000, 0x00000000eb280000)
  object space 82432K, 87% used [0x00000000c1800000,0x00000000c5e2e5a8,0x00000000c6880000)
 PSPermGen       total 21504K, used 20669K [0x00000000bc600000, 0x00000000bdb00000, 0x00000000c1800000)
  object space 21504K, 96% used [0x00000000bc600000,0x00000000bda2f4e8,0x00000000bdb00000)
}
Event: 721.136 GC heap before
{Heap before GC invocations=9 (full 0):
 PSYoungGen      total 26112K, used 17888K [0x00000000eb280000, 0x00000000ed580000, 0x0000000100000000)
  eden space 16384K, 100% used [0x00000000eb280000,0x00000000ec280000,0x00000000ec280000)
  from space 9728K, 15% used [0x00000000ecc00000,0x00000000ecd78000,0x00000000ed580000)
  to   space 9728K, 0% used [0x00000000ec280000,0x00000000ec280000,0x00000000ecc00000)
 ParOldGen       total 82432K, used 71865K [0x00000000c1800000, 0x00000000c6880000, 0x00000000eb280000)
  object space 82432K, 87% used [0x00000000c1800000,0x00000000c5e2e5a8,0x00000000c6880000)
 PSPermGen       total 21504K, used 20673K [0x00000000bc600000, 0x00000000bdb00000, 0x00000000c1800000)
  object space 21504K, 96% used [0x00000000bc600000,0x00000000bda307b8,0x00000000bdb00000)
Event: 721.138 GC heap after
Heap after GC invocations=9 (full 0):
 PSYoungGen      total 17920K, used 1344K [0x00000000eb280000, 0x00000000ed480000, 0x0000000100000000)
  eden space 16384K, 0% used [0x00000000eb280000,0x00000000eb280000,0x00000000ec280000)
  from space 1536K, 87% used [0x00000000ec280000,0x00000000ec3d0000,0x00000000ec400000)
  to   space 9216K, 0% used [0x00000000ecb80000,0x00000000ecb80000,0x00000000ed480000)
 ParOldGen       total 82432K, used 72181K [0x00000000c1800000, 0x00000000c6880000, 0x00000000eb280000)
  object space 82432K, 87% used [0x00000000c1800000,0x00000000c5e7d488,0x00000000c6880000)
 PSPermGen       total 21504K, used 20673K [0x00000000bc600000, 0x00000000bdb00000, 0x00000000c1800000)
  object space 21504K, 96% used [0x00000000bc600000,0x00000000bda307b8,0x00000000bdb00000)
}
Event: 898.011 GC heap before
{Heap before GC invocations=10 (full 0):
 PSYoungGen      total 17920K, used 17728K [0x00000000eb280000, 0x00000000ed480000, 0x0000000100000000)
  eden space 16384K, 100% used [0x00000000eb280000,0x00000000ec280000,0x00000000ec280000)
  from space 1536K, 87% used [0x00000000ec280000,0x00000000ec3d0000,0x00000000ec400000)
  to   space 9216K, 0% used [0x00000000ecb80000,0x00000000ecb80000,0x00000000ed480000)
 ParOldGen       total 102400K, used 91712K [0x00000000c1800000, 0x00000000c7c00000, 0x00000000eb280000)
  object space 102400K, 89% used [0x00000000c1800000,0x00000000c7190198,0x00000000c7c00000)
 PSPermGen       total 21504K, used 20703K [0x00000000bc600000, 0x00000000bdb00000, 0x00000000c1800000)
  object space 21504K, 96% used [0x00000000bc600000,0x00000000bda37ff0,0x00000000bdb00000)
Event: 898.015 GC heap after
Heap after GC invocations=10 (full 0):
 PSYoungGen      total 25600K, used 928K [0x00000000eb280000, 0x00000000ed480000, 0x0000000100000000)
  eden space 16384K, 0% used [0x00000000eb280000,0x00000000eb280000,0x00000000ec280000)
  from space 9216K, 10% used [0x00000000ecb80000,0x00000000ecc68000,0x00000000ed480000)
  to   space 9216K, 0% used [0x00000000ec280000,0x00000000ec280000,0x00000000ecb80000)
 ParOldGen       total 102400K, used 92565K [0x00000000c1800000, 0x00000000c7c00000, 0x00000000eb280000)
  object space 102400K, 90% used [0x00000000c1800000,0x00000000c72656a8,0x00000000c7c00000)
 PSPermGen       total 21504K, used 20703K [0x00000000bc600000, 0x00000000bdb00000, 0x00000000c1800000)
  object space 21504K, 96% used [0x00000000bc600000,0x00000000bda37ff0,0x00000000bdb00000)
}
Event: 1297.914 GC heap before
{Heap before GC invocations=11 (full 0):
 PSYoungGen      total 25600K, used 17312K [0x00000000eb280000, 0x00000000ed480000, 0x0000000100000000)
  eden space 16384K, 100% used [0x00000000eb280000,0x00000000ec280000,0x00000000ec280000)
  from space 9216K, 10% used [0x00000000ecb80000,0x00000000ecc68000,0x00000000ed480000)
  to   space 9216K, 0% used [0x00000000ec280000,0x00000000ec280000,0x00000000ecb80000)
 ParOldGen       total 122368K, used 112096K [0x00000000c1800000, 0x00000000c8f80000, 0x00000000eb280000)
  object space 122368K, 91% used [0x00000000c1800000,0x00000000c85783b8,0x00000000c8f80000)
 PSPermGen       total 21504K, used 20749K [0x00000000bc600000, 0x00000000bdb00000, 0x00000000c1800000)
  object space 21504K, 96% used [0x00000000bc600000,0x00000000bda43500,0x00000000bdb00000)
Event: 1297.931 GC heap after
Heap after GC invocations=11 (full 0):
 PSYoungGen      total 25600K, used 1024K [0x00000000eb280000, 0x00000000ed480000, 0x0000000100000000)
  eden space 16384K, 0% used [0x00000000eb280000,0x00000000eb280000,0x00000000ec280000)
  from space 9216K, 11% used [0x00000000ec280000,0x00000000ec380000,0x00000000ecb80000)
  to   space 9216K, 0% used [0x00000000ecb80000,0x00000000ecb80000,0x00000000ed480000)
 ParOldGen       total 122368K, used 112870K [0x00000000c1800000, 0x00000000c8f80000, 0x00000000eb280000)
  object space 122368K, 92% used [0x00000000c1800000,0x00000000c8639bc8,0x00000000c8f80000)
 PSPermGen       total 21504K, used 20749K [0x00000000bc600000, 0x00000000bdb00000, 0x00000000c1800000)
  object space 21504K, 96% used [0x00000000bc600000,0x00000000bda43500,0x00000000bdb00000)
}

